<?xml version="1.0" encoding="UTF-8"?>
<!-- Generated by org.testng.reporters.JUnitReportReporter -->
<testsuite skipped="0" hostname="DESKTOP-TCEP82C" name="org.sample.StaticBlock" tests="1" failures="0" timestamp="06 Sep 2021 08:05:57 GMT" time="30.848" errors="0">
  <testcase name="tc0" time="30.848" classname="org.sample.StaticBlock"/>
</testsuite> <!-- org.sample.StaticBlock -->
