<?xml version="1.0" encoding="UTF-8"?>
<!-- Generated by org.testng.reporters.JUnitReportReporter -->
<testsuite skipped="0" hostname="DESKTOP-TCEP82C" name="org.sample.SampleTest" tests="1" failures="0" timestamp="01 Sep 2021 04:36:59 GMT" time="0.242" errors="0">
  <testcase name="tc0" time="0.242" classname="org.sample.SampleTest"/>
</testsuite> <!-- org.sample.SampleTest -->
