<?xml version="1.0" encoding="UTF-8"?>
<!-- Generated by org.testng.reporters.JUnitReportReporter -->
<testsuite skipped="0" hostname="DESKTOP-TCEP82C" name="org.sample.SampleTest3" tests="4" failures="0" timestamp="01 Sep 2021 04:03:22 GMT" time="0.002" errors="0">
  <testcase name="tc32" time="0.001" classname="org.sample.SampleTest3"/>
  <testcase name="tc33" time="0.000" classname="org.sample.SampleTest3"/>
  <testcase name="tc30" time="0.000" classname="org.sample.SampleTest3"/>
  <testcase name="tc31" time="0.001" classname="org.sample.SampleTest3"/>
</testsuite> <!-- org.sample.SampleTest3 -->
